<?xml version="1.0" encoding="UTF-8"?>
<!-- Generated by org.testng.reporters.JUnitReportReporter -->
<testsuite hostname="LPP00186916A.local" failures="0" tests="5" name="TestWeb" time="101.608" errors="0" timestamp="2021-02-28T15:36:46 ICT" skipped="0">
  <testcase classname="TestWeb" name="loginPage" time="17.404"/>
  <system-out/>
  <testcase classname="TestWeb" name="updateUsername" time="25.201"/>
  <system-out/>
  <testcase classname="TestWeb" name="listOfLikedPhotos" time="18.643"/>
  <system-out/>
  <testcase classname="TestWeb" name="removePhotosFromCollection" time="17.989"/>
  <system-out/>
  <testcase classname="TestWeb" name="downloadPhotos" time="22.371"/>
  <system-out/>
</testsuite> <!-- TestWeb -->
